<?xml version="1.0" encoding="UTF-8"?>
<!-- Generated by org.testng.reporters.JUnitReportReporter -->
<testsuite hostname="DESKTOP-O53O2QE" failures="0" tests="1" name="TestNG.TestNG_Annotation" time="0.029" errors="0" timestamp="2024-02-20T11:51:37 IST" skipped="0">
  <testcase classname="TestNG.TestNG_Annotation" name="Test" time="0.029"/>
</testsuite> <!-- TestNG.TestNG_Annotation -->
