<?xml version="1.0" encoding="UTF-8"?>
<!-- Generated by org.testng.reporters.JUnitReportReporter -->
<testsuite hostname="DESKTOP-O53O2QE" failures="0" tests="3" name="TestNG.TestNG_Annotation" time="0.035" errors="0" timestamp="2024-02-22T12:50:56 IST" skipped="0">
  <testcase classname="TestNG.TestNG_Annotation" name="Test" time="0.027"/>
  <testcase classname="TestNG.TestNG_Annotation" name="Test" time="0.004"/>
  <testcase classname="TestNG.TestNG_Annotation" name="Test" time="0.004"/>
</testsuite> <!-- TestNG.TestNG_Annotation -->
