<?xml version="1.0" encoding="UTF-8"?>
<!-- Generated by org.testng.reporters.JUnitReportReporter -->
<testsuite hostname="DESKTOP-O53O2QE" failures="0" tests="9" name="TestNG.FlipKart" time="78.984" errors="0" timestamp="2024-02-22T12:50:56 IST" skipped="0">
  <testcase classname="TestNG.FlipKart" name="HomePage" time="13.687"/>
  <testcase classname="TestNG.FlipKart" name="HomePage" time="14.317"/>
  <testcase classname="TestNG.FlipKart" name="HomePage" time="19.166"/>
  <testcase classname="TestNG.FlipKart" name="ReviewPage" time="5.081"/>
  <testcase classname="TestNG.FlipKart" name="ReviewPage" time="3.967"/>
  <testcase classname="TestNG.FlipKart" name="ReviewPage" time="4.599"/>
  <testcase classname="TestNG.FlipKart" name="Calculation" time="5.774"/>
  <testcase classname="TestNG.FlipKart" name="Calculation" time="6.147"/>
  <testcase classname="TestNG.FlipKart" name="Calculation" time="6.246"/>
</testsuite> <!-- TestNG.FlipKart -->
