<?xml version="1.0" encoding="UTF-8"?>
<!-- Generated by org.testng.reporters.JUnitReportReporter -->
<testsuite hostname="DESKTOP-O53O2QE" failures="0" tests="3" name="TestNG.FlipKart" time="27.217" errors="0" timestamp="2024-02-20T17:44:27 IST" skipped="0">
  <testcase classname="TestNG.FlipKart" name="HomePage" time="17.300"/>
  <testcase classname="TestNG.FlipKart" name="ReviewPage" time="6.296"/>
  <testcase classname="TestNG.FlipKart" name="Calculation" time="3.621"/>
</testsuite> <!-- TestNG.FlipKart -->
